  pch.cpp
  SessionBaseServer.cpp
  Iocp.cpp
C:\Users\kyg93\Desktop\Project\NetLib\NetEngine\NetMessage.h(23,30): error C2065:  'size_': 선언되지 않은 식별자입니다.
C:\Users\kyg93\Desktop\Project\NetLib\NetEngine\NetMessage.h(26,3): error C2065:  'buf': 선언되지 않은 식별자입니다.
C:\Users\kyg93\Desktop\Project\NetLib\NetEngine\NetMessage.h(26,3): error C2065:  'size_': 선언되지 않은 식별자입니다.
C:\Users\kyg93\Desktop\Project\NetLib\NetEngine\NetMessage.h(27,3): error C2065:  'size_': 선언되지 않은 식별자입니다.
C:\Users\kyg93\Desktop\Project\NetLib\NetEngine\NetMessage.h(32,25): error C2614:  'NetMessage': 멤버 초기화가 잘못되었습니다. 'size_'이(가) 기본 또는 멤버가 아닙니다.
C:\Users\kyg93\Desktop\Project\NetLib\NetEngine\NetMessage.h(34,3): error C2065:  'buf': 선언되지 않은 식별자입니다.
C:\Users\kyg93\Desktop\Project\NetLib\NetEngine\NetMessage.h(37,28): error C2614:  'NetMessage': 멤버 초기화가 잘못되었습니다. 'type_'이(가) 기본 또는 멤버가 아닙니다.
C:\Users\kyg93\Desktop\Project\NetLib\NetEngine\NetMessage.h(37,41): error C2614:  'NetMessage': 멤버 초기화가 잘못되었습니다. 'size_'이(가) 기본 또는 멤버가 아닙니다.
C:\Users\kyg93\Desktop\Project\NetLib\NetEngine\NetMessage.h(39,3): error C2065:  'buf': 선언되지 않은 식별자입니다.
C:\Users\kyg93\Desktop\Project\NetLib\NetEngine\NetMessage.h(44,3): error C2065:  'size_': 선언되지 않은 식별자입니다.
C:\Users\kyg93\Desktop\Project\NetLib\NetEngine\NetMessage.h(45,3): error C2065:  'buf': 선언되지 않은 식별자입니다.
C:\Users\kyg93\Desktop\Project\NetLib\NetEngine\Iocp.cpp(77,45): error C2572:  'IOCP::Begin': 기본 인수 재정의. 매개 변수 1
C:\Users\kyg93\Desktop\Project\NetLib\NetEngine\iocp.h(23): message :  'IOCP::Begin' 선언을 참조하십시오.
C:\Users\kyg93\Desktop\Project\NetLib\NetEngine\Iocp.cpp(99,20): warning C4018:  '<': signed 또는 unsigned가 일치하지 않습니다.
  NetEngine.cpp
  Session.cpp
C:\Users\kyg93\Desktop\Project\NetLib\NetEngine\Iocp.cpp(139,5): warning C4551:  함수 호출에 인수 목록이 없습니다.
C:\Users\kyg93\Desktop\Project\NetLib\NetEngine\NetMessage.h(23,30): error C2065:  'size_': 선언되지 않은 식별자입니다.
C:\Users\kyg93\Desktop\Project\NetLib\NetEngine\NetMessage.h(26,3): error C2065:  'buf': 선언되지 않은 식별자입니다.
C:\Users\kyg93\Desktop\Project\NetLib\NetEngine\NetMessage.h(26,3): error C2065:  'size_': 선언되지 않은 식별자입니다.
C:\Users\kyg93\Desktop\Project\NetLib\NetEngine\NetMessage.h(27,3): error C2065:  'size_': 선언되지 않은 식별자입니다.
C:\Users\kyg93\Desktop\Project\NetLib\NetEngine\NetMessage.h(32,25): error C2614:  'NetMessage': 멤버 초기화가 잘못되었습니다. 'size_'이(가) 기본 또는 멤버가 아닙니다.
C:\Users\kyg93\Desktop\Project\NetLib\NetEngine\NetMessage.h(34,3): error C2065:  'buf': 선언되지 않은 식별자입니다.
C:\Users\kyg93\Desktop\Project\NetLib\NetEngine\NetMessage.h(37,28): error C2614:  'NetMessage': 멤버 초기화가 잘못되었습니다. 'type_'이(가) 기본 또는 멤버가 아닙니다.
C:\Users\kyg93\Desktop\Project\NetLib\NetEngine\NetMessage.h(37,41): error C2614:  'NetMessage': 멤버 초기화가 잘못되었습니다. 'size_'이(가) 기본 또는 멤버가 아닙니다.
C:\Users\kyg93\Desktop\Project\NetLib\NetEngine\NetMessage.h(39,3): error C2065:  'buf': 선언되지 않은 식별자입니다.
C:\Users\kyg93\Desktop\Project\NetLib\NetEngine\NetMessage.h(44,3): error C2065:  'size_': 선언되지 않은 식별자입니다.
C:\Users\kyg93\Desktop\Project\NetLib\NetEngine\NetMessage.h(45,3): error C2065:  'buf': 선언되지 않은 식별자입니다.
C:\Users\kyg93\Desktop\Project\NetLib\NetEngine\Session.cpp(82,23): error C2039:  'buf': 'NetMessage'의 멤버가 아닙니다.
C:\Users\kyg93\Desktop\Project\NetLib\NetEngine\NetMessage.h(7): message :  'NetMessage' 선언을 참조하십시오.
C:\Users\kyg93\Desktop\Project\NetLib\NetEngine\Session.cpp(83,25): error C2039:  'size_': 'NetMessage'의 멤버가 아닙니다.
  코드를 생성하고 있습니다...
C:\Users\kyg93\Desktop\Project\NetLib\NetEngine\NetMessage.h(7): message :  'NetMessage' 선언을 참조하십시오.
